<?xml version="1.0" encoding="UTF-8"?>
<!-- Generated by org.testng.reporters.JUnitReportReporter -->
<testsuite hostname="DESKTOP-10FR1AF" failures="0" tests="1" name="com.crm.qa.testcases.LandinPageTest" time="5.727" errors="0" timestamp="2022-07-01T03:34:33 BDT" skipped="0">
  <testcase classname="com.crm.qa.testcases.LandinPageTest" name="loginPage" time="5.727"/>
  <system-out/>
</testsuite> <!-- com.crm.qa.testcases.LandinPageTest -->
