<?xml version="1.0" encoding="UTF-8"?>
<!-- Generated by org.testng.reporters.JUnitReportReporter -->
<testsuite hostname="DESKTOP-10FR1AF" failures="0" tests="3" name="com.crm.qa.testcases.HomePageTest" time="32.998" errors="0" timestamp="2022-07-01T03:51:00 BDT" skipped="0">
  <testcase classname="com.crm.qa.testcases.HomePageTest" name="homePageTitleTest" time="10.569"/>
  <system-out/>
  <testcase classname="com.crm.qa.testcases.HomePageTest" name="loginUserNameTest" time="11.215"/>
  <system-out/>
  <testcase classname="com.crm.qa.testcases.HomePageTest" name="calenderLinkTest" time="11.214"/>
  <system-out/>
</testsuite> <!-- com.crm.qa.testcases.HomePageTest -->
