<?xml version="1.0" encoding="UTF-8"?>
<!-- Generated by org.testng.reporters.JUnitReportReporter -->
<testsuite hostname="DESKTOP-10FR1AF" failures="0" tests="2" name="com.crm.qa.testcases.LandinPageTest" time="12.905" errors="0" timestamp="2022-06-28T21:57:58 BDT" skipped="0">
  <testcase classname="com.crm.qa.testcases.LandinPageTest" name="landingPageTitle" time="6.117"/>
  <system-out/>
  <testcase classname="com.crm.qa.testcases.LandinPageTest" name="loginPage" time="6.788"/>
  <system-out/>
</testsuite> <!-- com.crm.qa.testcases.LandinPageTest -->
