<?xml version="1.0" encoding="UTF-8"?>
<!-- Generated by org.testng.reporters.JUnitReportReporter -->
<testsuite hostname="DESKTOP-10FR1AF" failures="0" tests="3" name="com.crm.qa.testcases.homePageSectonTest.contacts.CreateNewContactPageTest" time="80.297" errors="0" timestamp="2022-06-30T00:26:46 BDT" skipped="0">
  <testcase classname="com.crm.qa.testcases.homePageSectonTest.contacts.CreateNewContactPageTest" name="saveContactTest" time="25.517"/>
  <system-out/>
  <testcase classname="com.crm.qa.testcases.homePageSectonTest.contacts.CreateNewContactPageTest" name="saveContactTest" time="28.554"/>
  <system-out/>
  <testcase classname="com.crm.qa.testcases.homePageSectonTest.contacts.CreateNewContactPageTest" name="saveContactTest" time="26.226"/>
  <system-out/>
</testsuite> <!-- com.crm.qa.testcases.homePageSectonTest.contacts.CreateNewContactPageTest -->
